[01:48:00] [main/INFO]: Setting user: Player195
[01:48:02] [Client thread/INFO]: LWJGL Version: 2.9.1
[01:48:07] [Client thread/INFO]: Reloading ResourceManager: Default, FMLFileResourcePack:Forge Mod Loader, FMLFileResourcePack:Minecraft Forge, FMLFileResourcePack:Civilised Ideas, FMLFileResourcePack:PvP Tools
[01:48:08] [Sound Library Loader/INFO]: Sound engine started
[01:48:10] [Client thread/INFO]: Created: 16x16 textures/blocks-atlas
[01:48:10] [Client thread/INFO]: Created: 16x16 textures/items-atlas
[01:48:10] [Client thread/INFO]: Reloading ResourceManager: Default, FMLFileResourcePack:Forge Mod Loader, FMLFileResourcePack:Minecraft Forge, FMLFileResourcePack:Civilised Ideas, FMLFileResourcePack:PvP Tools
[01:48:10] [Client thread/INFO]: Created: 512x256 textures/blocks-atlas
[01:48:10] [Client thread/INFO]: Created: 256x256 textures/items-atlas
[01:48:11] [Sound Library Loader/INFO]: Sound engine started
[01:48:42] [main/INFO]: Setting user: Player315
[01:48:43] [Client thread/INFO]: LWJGL Version: 2.9.1
[01:48:49] [Client thread/INFO]: Reloading ResourceManager: Default, FMLFileResourcePack:Forge Mod Loader, FMLFileResourcePack:Minecraft Forge, FMLFileResourcePack:Civilised Ideas
[01:48:49] [Sound Library Loader/INFO]: Sound engine started
[01:48:51] [Client thread/INFO]: Created: 16x16 textures/blocks-atlas
[01:48:51] [Client thread/INFO]: Created: 16x16 textures/items-atlas
[01:48:51] [Client thread/INFO]: Reloading ResourceManager: Default, FMLFileResourcePack:Forge Mod Loader, FMLFileResourcePack:Minecraft Forge, FMLFileResourcePack:Civilised Ideas
[01:48:51] [Client thread/INFO]: Created: 512x256 textures/blocks-atlas
[01:48:51] [Client thread/INFO]: Created: 256x256 textures/items-atlas
[01:48:52] [Sound Library Loader/INFO]: Sound engine started
[01:49:05] [Server thread/INFO]: Starting integrated minecraft server version 1.7.10
[01:49:05] [Server thread/INFO]: Generating keypair
[01:49:12] [Server thread/INFO]: Preparing start region for level 0
[01:49:12] [Server thread/INFO]: Changing view distance to 12, from 10
[01:49:13] [Server thread/INFO]: Player315[local:E:fc03e65a] logged in with entity id 62 at (61.34731920174783, 67.0, 251.21675948521198)
[01:49:13] [Server thread/INFO]: Player315 joined the game
[01:49:21] [Client thread/INFO]: [CHAT] ci:Civilised Swapper, ci:Trader's Token
[01:49:23] [Client thread/INFO]: [CHAT] There is no such item with ID ci:Civilised
[01:49:42] [Server thread/INFO]: Saving and pausing game...
[01:49:42] [Server thread/INFO]: Saving chunks for level 'Test'/Overworld
[01:49:42] [Server thread/INFO]: Saving chunks for level 'Test'/Nether
[01:49:42] [Server thread/INFO]: Saving chunks for level 'Test'/The End
[01:49:43] [Client thread/INFO]: Stopping!
[01:49:43] [Server thread/INFO]: Stopping server
[01:49:43] [Server thread/INFO]: Saving players
[01:49:43] [Server thread/INFO]: Saving worlds
[01:49:43] [Server thread/INFO]: Saving chunks for level 'Test'/Overworld
[01:49:43] [Server thread/INFO]: Saving chunks for level 'Test'/Nether
[01:49:43] [Server thread/INFO]: Saving chunks for level 'Test'/The End
