[01:48:00] [main/INFO]: Setting user: Player195
[01:48:02] [Client thread/INFO]: LWJGL Version: 2.9.1
[01:48:07] [Client thread/INFO]: Reloading ResourceManager: Default, FMLFileResourcePack:Forge Mod Loader, FMLFileResourcePack:Minecraft Forge, FMLFileResourcePack:Civilised Ideas, FMLFileResourcePack:PvP Tools
[01:48:08] [Sound Library Loader/INFO]: Sound engine started
[01:48:10] [Client thread/INFO]: Created: 16x16 textures/blocks-atlas
[01:48:10] [Client thread/INFO]: Created: 16x16 textures/items-atlas
[01:48:10] [Client thread/INFO]: Reloading ResourceManager: Default, FMLFileResourcePack:Forge Mod Loader, FMLFileResourcePack:Minecraft Forge, FMLFileResourcePack:Civilised Ideas, FMLFileResourcePack:PvP Tools
[01:48:10] [Client thread/INFO]: Created: 512x256 textures/blocks-atlas
[01:48:10] [Client thread/INFO]: Created: 256x256 textures/items-atlas
[01:48:11] [Sound Library Loader/INFO]: Sound engine started
[01:48:42] [main/INFO]: Setting user: Player315
[01:48:43] [Client thread/INFO]: LWJGL Version: 2.9.1
[01:48:49] [Client thread/INFO]: Reloading ResourceManager: Default, FMLFileResourcePack:Forge Mod Loader, FMLFileResourcePack:Minecraft Forge, FMLFileResourcePack:Civilised Ideas
[01:48:49] [Sound Library Loader/INFO]: Sound engine started
[01:48:51] [Client thread/INFO]: Created: 16x16 textures/blocks-atlas
[01:48:51] [Client thread/INFO]: Created: 16x16 textures/items-atlas
[01:48:51] [Client thread/INFO]: Reloading ResourceManager: Default, FMLFileResourcePack:Forge Mod Loader, FMLFileResourcePack:Minecraft Forge, FMLFileResourcePack:Civilised Ideas
[01:48:51] [Client thread/INFO]: Created: 512x256 textures/blocks-atlas
[01:48:51] [Client thread/INFO]: Created: 256x256 textures/items-atlas
[01:48:52] [Sound Library Loader/INFO]: Sound engine started
[01:49:05] [Server thread/INFO]: Starting integrated minecraft server version 1.7.10
[01:49:05] [Server thread/INFO]: Generating keypair
[01:49:12] [Server thread/INFO]: Preparing start region for level 0
[01:49:12] [Server thread/INFO]: Changing view distance to 12, from 10
[01:49:13] [Server thread/INFO]: Player315[local:E:fc03e65a] logged in with entity id 62 at (61.34731920174783, 67.0, 251.21675948521198)
[01:49:13] [Server thread/INFO]: Player315 joined the game
[01:49:21] [Client thread/INFO]: [CHAT] ci:Civilised Swapper, ci:Trader's Token
[01:49:23] [Client thread/INFO]: [CHAT] There is no such item with ID ci:Civilised
[01:49:42] [Server thread/INFO]: Saving and pausing game...
[01:49:42] [Server thread/INFO]: Saving chunks for level 'Test'/Overworld
[01:49:42] [Server thread/INFO]: Saving chunks for level 'Test'/Nether
[01:49:42] [Server thread/INFO]: Saving chunks for level 'Test'/The End
[01:49:43] [Client thread/INFO]: Stopping!
[01:49:43] [Server thread/INFO]: Stopping server
[01:49:43] [Server thread/INFO]: Saving players
[01:49:43] [Server thread/INFO]: Saving worlds
[01:49:43] [Server thread/INFO]: Saving chunks for level 'Test'/Overworld
[01:49:43] [Server thread/INFO]: Saving chunks for level 'Test'/Nether
[01:49:43] [Server thread/INFO]: Saving chunks for level 'Test'/The End
[01:49:59] [main/INFO]: Setting user: Player736
[01:50:00] [Client thread/INFO]: LWJGL Version: 2.9.1
[01:50:05] [Client thread/INFO]: Reloading ResourceManager: Default, FMLFileResourcePack:Forge Mod Loader, FMLFileResourcePack:Minecraft Forge, FMLFileResourcePack:Civilised Ideas
[01:50:06] [Sound Library Loader/INFO]: Sound engine started
[01:50:08] [Client thread/INFO]: Created: 16x16 textures/blocks-atlas
[01:50:08] [Client thread/INFO]: Created: 16x16 textures/items-atlas
[01:50:08] [Client thread/INFO]: Reloading ResourceManager: Default, FMLFileResourcePack:Forge Mod Loader, FMLFileResourcePack:Minecraft Forge, FMLFileResourcePack:Civilised Ideas
[01:50:08] [Client thread/INFO]: Created: 512x256 textures/blocks-atlas
[01:50:08] [Client thread/INFO]: Created: 256x256 textures/items-atlas
[01:50:09] [Sound Library Loader/INFO]: Sound engine started
[01:50:30] [Server thread/INFO]: Starting integrated minecraft server version 1.7.10
[01:50:30] [Server thread/INFO]: Generating keypair
[01:50:32] [Server thread/INFO]: Preparing start region for level 0
[01:50:33] [Server thread/INFO]: Changing view distance to 12, from 10
[01:50:34] [Server thread/INFO]: Player736[local:E:841c4883] logged in with entity id 62 at (55.68249580603078, 67.0, 254.39940026370817)
[01:50:34] [Server thread/INFO]: Player736 joined the game
[01:50:39] [Client thread/INFO]: [CHAT] ci:CivilisedSwapper, ci:TradersToken
[01:50:40] [Server thread/INFO]: [Player736: Given [Civilised Swapper] * 1 to Player736]
[01:50:40] [Client thread/INFO]: [CHAT] Given [Civilised Swapper] * 1 to Player736
[01:50:41] [Server thread/INFO]: Player736 has just earned the achievement [Taking Inventory]
[01:50:41] [Client thread/INFO]: [CHAT] Player736 has just earned the achievement [Taking Inventory]
[01:50:52] [Server thread/INFO]: [Player736: Given [item.null.name] * 1 to Player736]
[01:50:52] [Client thread/INFO]: [CHAT] Given [item.null.name] * 1 to Player736
[01:50:54] [Server thread/INFO]: Saving and pausing game...
[01:50:54] [Server thread/INFO]: Saving chunks for level 'Test'/Overworld
[01:50:54] [Server thread/INFO]: Saving chunks for level 'Test'/Nether
[01:50:54] [Server thread/INFO]: Saving chunks for level 'Test'/The End
[01:50:55] [Server thread/INFO]: Stopping server
[01:50:55] [Server thread/INFO]: Saving players
[01:50:55] [Server thread/INFO]: Saving worlds
[01:50:55] [Server thread/INFO]: Saving chunks for level 'Test'/Overworld
[01:50:55] [Server thread/INFO]: Saving chunks for level 'Test'/Nether
[01:50:55] [Server thread/INFO]: Saving chunks for level 'Test'/The End
[01:50:57] [Client thread/INFO]: Stopping!
